[18:53:40] [WARNING] mysql_connect_file: no password specified
[19:57:58] [WARNING] mysql_connect_file: no password specified
[19:59:25] [WARNING] mysql_connect_file: no password specified
[20:06:29] [WARNING] mysql_connect_file: no password specified
[20:08:45] [WARNING] mysql_connect_file: no password specified
[20:11:13] [WARNING] mysql_connect_file: no password specified
[21:59:29] [WARNING] mysql_connect_file: no password specified (mysql.pwn:135 -> D:\Cagus\basic-ucp-gamemode-main\gamemodes\samp.pwn:103 -> D:\Cagus\basic-ucp-gamemode-main\gamemodes\samp.pwn:70 -> D:\Cagus\basic-ucp-gamemode-main\pawno\include\YSI\..\YSI_Coding\..\YSI_Internal\..\YSI_Server\y_scriptinit.inc:237 -> D:\Cagus\basic-ucp-gamemode-main\pawno\include\sscanf2.inc:210)
[22:02:12] [WARNING] mysql_connect_file: no password specified (mysql.pwn:135 -> D:\Cagus\basic-ucp-gamemode-main\gamemodes\samp.pwn:103 -> D:\Cagus\basic-ucp-gamemode-main\gamemodes\samp.pwn:70 -> D:\Cagus\basic-ucp-gamemode-main\pawno\include\YSI\..\YSI_Coding\..\YSI_Internal\..\YSI_Server\y_scriptinit.inc:237 -> D:\Cagus\basic-ucp-gamemode-main\pawno\include\sscanf2.inc:210)
[22:11:29] [WARNING] mysql_connect_file: no password specified (mysql.pwn:135 -> D:\Cagus\basic-ucp-gamemode-main\gamemodes\samp.pwn:103 -> D:\Cagus\basic-ucp-gamemode-main\gamemodes\samp.pwn:70 -> D:\Cagus\basic-ucp-gamemode-main\pawno\include\YSI\..\YSI_Coding\..\YSI_Internal\..\YSI_Server\y_scriptinit.inc:237 -> D:\Cagus\basic-ucp-gamemode-main\pawno\include\sscanf2.inc:210)
[22:27:52] [WARNING] mysql_connect_file: no password specified (mysql.pwn:138 -> D:\Cagus\basic-ucp-gamemode-main\gamemodes\samp.pwn:103 -> D:\Cagus\basic-ucp-gamemode-main\gamemodes\samp.pwn:70 -> D:\Cagus\basic-ucp-gamemode-main\pawno\include\YSI\..\YSI_Coding\..\YSI_Internal\..\YSI_Server\y_scriptinit.inc:237 -> D:\Cagus\basic-ucp-gamemode-main\pawno\include\sscanf2.inc:210)
[22:31:08] [WARNING] mysql_connect_file: no password specified (mysql.pwn:138 -> D:\Cagus\basic-ucp-gamemode-main\gamemodes\samp.pwn:103 -> D:\Cagus\basic-ucp-gamemode-main\gamemodes\samp.pwn:70 -> D:\Cagus\basic-ucp-gamemode-main\pawno\include\YSI\..\YSI_Coding\..\YSI_Internal\..\YSI_Server\y_scriptinit.inc:237 -> D:\Cagus\basic-ucp-gamemode-main\pawno\include\sscanf2.inc:210)
[22:50:55] [WARNING] mysql_connect_file: no password specified
[23:05:57] [WARNING] mysql_connect_file: no password specified
[23:06:29] [ERROR] error #1054 while executing query "SELECT `Character` FROM `characters` WHERE `Username` = 'Cagus' LIMIT 3;": Unknown column 'Username' in 'where clause'
[23:08:48] [WARNING] mysql_connect_file: no password specified
[23:09:16] [ERROR] error #1054 while executing query "SELECT `Character` FROM `characters` WHERE `Username` = 'Cagus' LIMIT 3;": Unknown column 'Username' in 'where clause'
[23:11:38] [WARNING] mysql_connect_file: no password specified
[23:12:07] [ERROR] error #1054 while executing query "SELECT `Character` FROM `characters` WHERE `Username` = 'Cagus' LIMIT 3;": Unknown column 'Username' in 'where clause'
[23:14:30] [WARNING] mysql_connect_file: no password specified
[23:14:55] [ERROR] error #1054 while executing query "SELECT `Character` FROM `characters` WHERE `Username` = 'Cagus' LIMIT 3;": Unknown column 'Username' in 'where clause'
[23:26:44] [WARNING] mysql_connect_file: no password specified
[23:27:25] [WARNING] mysql_connect_file: no password specified
[23:40:54] [WARNING] mysql_connect_file: no password specified
[23:41:27] [ERROR] error #1054 while executing query "UPDATE `accounts` SET `Username` = 'Cagus', `Password` = '590F4D6D36E788343040D3F2DBC8BA6919103B9A8E85D9EC30F3ECFD95668914', `Salt` = 'KqCrd3:YSTP=^OiD49i>G0A=CA:nn/`F@o1btz1uFNK?/Bsd1wbMZze:XoP/Zau4', `IP` = '127.0.0.1', `RegisterDate` = '1669221687', `Registered` = '1' WHERE `Username` = 'Cagus'": Unknown column 'Registered' in 'field list'
[23:48:34] [WARNING] mysql_connect_file: no password specified
[23:49:07] [ERROR] error #1054 while executing query "UPDATE `accounts` SET `Username` = 'Cagus', `Password` = 'BA38433FD94F878AAD56F17D27B530DBE8FDDC6A1EC39ECFB5A947B9B0E23862', `Salt` = 'g]N/qY=3^dxL^NeACNr<?32ON_ntO=Qx^JIwkzP:4iFixe4Wi:>i;KaNb8wknACW', `IP` = '127.0.0.1', `RegisterDate` = '1669222147', `Registered` = '1' WHERE `Username` = 'Cagus'": Unknown column 'Registered' in 'field list'
[23:49:56] [ERROR] error #1054 while executing query "UPDATE `accounts` SET `Username` = 'Cagus', `Password` = 'F993822EDD0C8199814644B56490F3F68EC305FABD17327F4F5D5D9CBC076B04', `Salt` = 'aO[xqn\\WBvaq]uA@KB`@\\?qYVbS;XZ^j>sxjgQ{s2HlNGc4M4KGw:^AMcQBH>e@H', `IP` = '127.0.0.1', `RegisterDate` = '1669222196', `Registered` = '1' WHERE `Username` = 'Cagus'": Unknown column 'Registered' in 'field list'
[23:56:03] [WARNING] mysql_connect_file: no password specified
[00:06:27] [WARNING] mysql_connect_file: no password specified
[00:08:07] [WARNING] mysql_connect_file: no password specified
[00:15:59] [WARNING] mysql_connect_file: no password specified
